<?xml version="1.0" encoding="UTF-8"?>
<Site BuildName="(empty)"
	BuildStamp="20250702-2058-Experimental"
	Name="(empty)"
	Generator="ctest-3.28.3"
	CompilerName=""
	CompilerVersion=""
	OSName="Linux"
	Hostname="dima-VMware-Virtual-Platform"
	OSRelease="6.8.0-51-generic"
	OSVersion="#52-Ubuntu SMP PREEMPT_DYNAMIC Thu Dec  5 13:09:44 UTC 2024"
	OSPlatform="x86_64"
	Is64Bits="1"
	VendorString="GenuineIntel"
	VendorID="Intel Corporation"
	FamilyID="6"
	ModelID="154"
	ProcessorCacheSize="10240"
	NumberOfLogicalCPU="2"
	NumberOfPhysicalCPU="2"
	TotalVirtualMemory="2047"
	TotalPhysicalMemory="1919"
	LogicalProcessorsPerPhysical="1"
	ProcessorClockFrequency="2496"
	>
	<Testing>
		<StartDateTime>Jul 03 00:18 MSK</StartDateTime>
		<StartTestTime>1751491081</StartTestTime>
		<TestList>
			<Test>./build/test/Test1</Test>
		</TestList>
		<Test Status="passed">
			<Name>Test1</Name>
			<Path>./build/test</Path>
			<FullName>./build/test/Test1</FullName>
			<FullCommandLine>/home/dima/Projects/edu/myExeCommand/build/bin/test1</FullCommandLine>
			<Results>
				<NamedMeasurement type="numeric/double" name="Execution Time">
					<Value>0.0126644</Value>
				</NamedMeasurement>
				<NamedMeasurement type="numeric/double" name="Processors">
					<Value>1</Value>
				</NamedMeasurement>
				<NamedMeasurement type="text/string" name="Completion Status">
					<Value>Completed</Value>
				</NamedMeasurement>
				<NamedMeasurement type="text/string" name="Command Line">
					<Value>/home/dima/Projects/edu/myExeCommand/build/bin/test1</Value>
				</NamedMeasurement>
				<NamedMeasurement type="text/string" name="Environment">
					<Value>#CTEST_RESOURCE_GROUP_COUNT=</Value>
				</NamedMeasurement>
				<Measurement>
					<Value encoding="base64" compression="gzip">eJwLKs3Ly8xLVzBUKEktLlFITixO1dPT49KlAuAqLkmxskqtSE4tKMnMz+Piko42tDY2sjaxzNXS0lLwy1dILSrKLypWSEktSU0uSU0BKjCwNrYEKeACAM8oJU8=</Value>
				</Measurement>
			</Results>
		</Test>
		<EndDateTime>Jul 03 00:18 MSK</EndDateTime>
		<EndTestTime>1751491081</EndTestTime>
		<ElapsedMinutes>0</ElapsedMinutes>
	</Testing>
</Site>
